

Microchip MPLAB XC8 Assembler V2.32 build 20210201212658 
                                                                                               Fri Jan 21 15:10:13 2022

Microchip MPLAB XC8 C Compiler v2.32 (Free license) build 20210201212658 Og1 
     1                           	processor	16F887
     2                           	pagewidth 120
     3                           	opt	flic
     4                           	psect	idataBANK0,global,class=CODE,delta=2,noexec
     5                           	psect	cinit,global,class=CODE,merge=1,delta=2
     6                           	psect	bssCOMMON,global,class=COMMON,space=1,delta=1,noexec
     7                           	psect	dataBANK0,global,class=BANK0,space=1,delta=1,noexec
     8                           	psect	inittext,global,class=CODE,delta=2
     9                           	psect	cstackCOMMON,global,class=COMMON,space=1,delta=1,noexec
    10                           	psect	maintext,global,class=CODE,split=1,delta=2
    11                           	psect	text1,local,class=CODE,merge=1,delta=2
    12                           	psect	text2,local,class=CODE,merge=1,delta=2
    13                           	psect	text3,local,class=CODE,merge=1,delta=2
    14                           	psect	text4,local,class=CODE,merge=1,delta=2
    15                           	psect	config,global,abs,ovrld,class=CONFIG,space=4,delta=2,noexec
    16                           	dabs	1,0x7E,2
    17  0000                     
    18                           ; Version 2.20
    19                           ; Generated 12/02/2020 GMT
    20                           ; 
    21                           ; Copyright © 2020, Microchip Technology Inc. and its subsidiaries ("Microchip")
    22                           ; All rights reserved.
    23                           ; 
    24                           ; This software is developed by Microchip Technology Inc. and its subsidiaries ("Microch
      +                          ip").
    25                           ; 
    26                           ; Redistribution and use in source and binary forms, with or without modification, are
    27                           ; permitted provided that the following conditions are met:
    28                           ; 
    29                           ;     1. Redistributions of source code must retain the above copyright notice, this lis
      +                          t of
    30                           ;        conditions and the following disclaimer.
    31                           ; 
    32                           ;     2. Redistributions in binary form must reproduce the above copyright notice, this 
      +                          list
    33                           ;        of conditions and the following disclaimer in the documentation and/or other
    34                           ;        materials provided with the distribution.
    35                           ; 
    36                           ;     3. Microchip's name may not be used to endorse or promote products derived from th
      +                          is
    37                           ;        software without specific prior written permission.
    38                           ; 
    39                           ; THIS SOFTWARE IS PROVIDED BY MICROCHIP "AS IS" AND ANY EXPRESS OR IMPLIED WARRANTIES,
    40                           ; INCLUDING, BUT NOT LIMITED TO, THE IMPLIED WARRANTIES OF MERCHANTABILITY AND FITNESS F
      +                          OR
    41                           ; PURPOSE ARE DISCLAIMED.  IN NO EVENT SHALL MICROCHIP BE LIABLE FOR ANY DIRECT, INDIREC
      +                          T,
    42                           ; INCIDENTAL, SPECIAL, EXEMPLARY, OR CONSEQUENTIAL DAMAGES (INCLUDING BUT NOT LIMITED TO
    43                           ; PROCUREMENT OF SUBSTITUTE GOODS OR SERVICES; LOSS OF USE, DATA OR PROFITS; OR BUSINESS
    44                           ; INTERRUPTION) HOWSOEVER CAUSED AND ON ANY THEORY OF LIABILITY, WHETHER IN CONTRACT, ST
      +                          RICT
    45                           ; LIABILITY, OR TORT (INCLUDING NEGLIGENCE OR OTHERWISE) ARISING IN ANY WAY OUT OF THE U
      +                          SE OF
    46                           ; THIS SOFTWARE, EVEN IF ADVISED OF THE POSSIBILITY OF SUCH DAMAGE.
    47                           ; 
    48                           ; 
    49                           ; Code-generator required, PIC16F887 Definitions
    50                           ; 
    51                           ; SFR Addresses
    52  0000                     	;# 
    53  0001                     	;# 
    54  0002                     	;# 
    55  0003                     	;# 
    56  0004                     	;# 
    57  0005                     	;# 
    58  0006                     	;# 
    59  0007                     	;# 
    60  0008                     	;# 
    61  0009                     	;# 
    62  000A                     	;# 
    63  000B                     	;# 
    64  000C                     	;# 
    65  000D                     	;# 
    66  000E                     	;# 
    67  000E                     	;# 
    68  000F                     	;# 
    69  0010                     	;# 
    70  0011                     	;# 
    71  0012                     	;# 
    72  0013                     	;# 
    73  0014                     	;# 
    74  0015                     	;# 
    75  0015                     	;# 
    76  0016                     	;# 
    77  0017                     	;# 
    78  0018                     	;# 
    79  0019                     	;# 
    80  001A                     	;# 
    81  001B                     	;# 
    82  001B                     	;# 
    83  001C                     	;# 
    84  001D                     	;# 
    85  001E                     	;# 
    86  001F                     	;# 
    87  0081                     	;# 
    88  0085                     	;# 
    89  0086                     	;# 
    90  0087                     	;# 
    91  0088                     	;# 
    92  0089                     	;# 
    93  008C                     	;# 
    94  008D                     	;# 
    95  008E                     	;# 
    96  008F                     	;# 
    97  0090                     	;# 
    98  0091                     	;# 
    99  0092                     	;# 
   100  0093                     	;# 
   101  0093                     	;# 
   102  0093                     	;# 
   103  0094                     	;# 
   104  0095                     	;# 
   105  0096                     	;# 
   106  0097                     	;# 
   107  0098                     	;# 
   108  0099                     	;# 
   109  009A                     	;# 
   110  009B                     	;# 
   111  009C                     	;# 
   112  009D                     	;# 
   113  009E                     	;# 
   114  009F                     	;# 
   115  0105                     	;# 
   116  0107                     	;# 
   117  0108                     	;# 
   118  0109                     	;# 
   119  010C                     	;# 
   120  010C                     	;# 
   121  010D                     	;# 
   122  010E                     	;# 
   123  010F                     	;# 
   124  0185                     	;# 
   125  0187                     	;# 
   126  0188                     	;# 
   127  0189                     	;# 
   128  018C                     	;# 
   129  018D                     	;# 
   130  0000                     	;# 
   131  0001                     	;# 
   132  0002                     	;# 
   133  0003                     	;# 
   134  0004                     	;# 
   135  0005                     	;# 
   136  0006                     	;# 
   137  0007                     	;# 
   138  0008                     	;# 
   139  0009                     	;# 
   140  000A                     	;# 
   141  000B                     	;# 
   142  000C                     	;# 
   143  000D                     	;# 
   144  000E                     	;# 
   145  000E                     	;# 
   146  000F                     	;# 
   147  0010                     	;# 
   148  0011                     	;# 
   149  0012                     	;# 
   150  0013                     	;# 
   151  0014                     	;# 
   152  0015                     	;# 
   153  0015                     	;# 
   154  0016                     	;# 
   155  0017                     	;# 
   156  0018                     	;# 
   157  0019                     	;# 
   158  001A                     	;# 
   159  001B                     	;# 
   160  001B                     	;# 
   161  001C                     	;# 
   162  001D                     	;# 
   163  001E                     	;# 
   164  001F                     	;# 
   165  0081                     	;# 
   166  0085                     	;# 
   167  0086                     	;# 
   168  0087                     	;# 
   169  0088                     	;# 
   170  0089                     	;# 
   171  008C                     	;# 
   172  008D                     	;# 
   173  008E                     	;# 
   174  008F                     	;# 
   175  0090                     	;# 
   176  0091                     	;# 
   177  0092                     	;# 
   178  0093                     	;# 
   179  0093                     	;# 
   180  0093                     	;# 
   181  0094                     	;# 
   182  0095                     	;# 
   183  0096                     	;# 
   184  0097                     	;# 
   185  0098                     	;# 
   186  0099                     	;# 
   187  009A                     	;# 
   188  009B                     	;# 
   189  009C                     	;# 
   190  009D                     	;# 
   191  009E                     	;# 
   192  009F                     	;# 
   193  0105                     	;# 
   194  0107                     	;# 
   195  0108                     	;# 
   196  0109                     	;# 
   197  010C                     	;# 
   198  010C                     	;# 
   199  010D                     	;# 
   200  010E                     	;# 
   201  010F                     	;# 
   202  0185                     	;# 
   203  0187                     	;# 
   204  0188                     	;# 
   205  0189                     	;# 
   206  018C                     	;# 
   207  018D                     	;# 
   208                           
   209                           	psect	idataBANK0
   210  064A                     __pidataBANK0:
   211                           
   212                           ;initializer for _s4
   213  064A  3420               	retlw	32
   214  064B  3457               	retlw	87
   215  064C  3445               	retlw	69
   216  064D  344C               	retlw	76
   217  064E  3443               	retlw	67
   218  064F  344F               	retlw	79
   219  0650  344D               	retlw	77
   220  0651  3445               	retlw	69
   221  0652  342E               	retlw	46
   222  0653  342E               	retlw	46
   223  0654  342E               	retlw	46
   224  0655  3420               	retlw	32
   225  0656  3400               	retlw	0
   226  0657  3400               	retlw	0
   227  0658  3400               	retlw	0
   228  0659  3400               	retlw	0
   229  065A  3400               	retlw	0
   230                           
   231                           ;initializer for _s3
   232  065B  3420               	retlw	32
   233  065C  344B               	retlw	75
   234  065D  3445               	retlw	69
   235  065E  3445               	retlw	69
   236  065F  3450               	retlw	80
   237  0660  3420               	retlw	32
   238  0661  3457               	retlw	87
   239  0662  3441               	retlw	65
   240  0663  3452               	retlw	82
   241  0664  344D               	retlw	77
   242  0665  342E               	retlw	46
   243  0666  342E               	retlw	46
   244  0667  342E               	retlw	46
   245  0668  3420               	retlw	32
   246  0669  3400               	retlw	0
   247  066A  3400               	retlw	0
   248  066B  3400               	retlw	0
   249                           
   250                           ;initializer for _s2
   251  066C  3420               	retlw	32
   252  066D  3444               	retlw	68
   253  066E  3449               	retlw	73
   254  066F  3453               	retlw	83
   255  0670  3450               	retlw	80
   256  0671  3445               	retlw	69
   257  0672  344E               	retlw	78
   258  0673  3453               	retlw	83
   259  0674  3449               	retlw	73
   260  0675  344E               	retlw	78
   261  0676  3447               	retlw	71
   262  0677  342E               	retlw	46
   263  0678  342E               	retlw	46
   264  0679  342E               	retlw	46
   265  067A  3420               	retlw	32
   266  067B  3400               	retlw	0
   267  067C  3400               	retlw	0
   268                           
   269                           ;initializer for _s1
   270  067D  3420               	retlw	32
   271  067E  3442               	retlw	66
   272  067F  344F               	retlw	79
   273  0680  3449               	retlw	73
   274  0681  344C               	retlw	76
   275  0682  3449               	retlw	73
   276  0683  344E               	retlw	78
   277  0684  3447               	retlw	71
   278  0685  342E               	retlw	46
   279  0686  342E               	retlw	46
   280  0687  342E               	retlw	46
   281  0688  3420               	retlw	32
   282  0689  3400               	retlw	0
   283  068A  3400               	retlw	0
   284  068B  3400               	retlw	0
   285  068C  3400               	retlw	0
   286  068D  3400               	retlw	0
   287  0005                     _PORTAbits	set	5
   288  0008                     _PORTD	set	8
   289  0007                     _PORTCbits	set	7
   290  0009                     _PORTEbits	set	9
   291  0006                     _PORTBbits	set	6
   292  001F                     _ADCON0	set	31
   293  009F                     _ADCON1	set	159
   294  008F                     _OSCCON	set	143
   295  0088                     _TRISD	set	136
   296  0087                     _TRISC	set	135
   297  0086                     _TRISB	set	134
   298  0085                     _TRISA	set	133
   299  0189                     _ANSELH	set	393
   300                           
   301                           	psect	cinit
   302  07EA                     start_initialization:	
   303                           ; #config settings
   304                           
   305  07EA                     __initialization:
   306                           
   307                           ; Initialize objects allocated to BANK0
   308  07EA  1383               	bcf	3,7	;select IRP bank0
   309  07EB  3064               	movlw	low (__pdataBANK0+68)
   310  07EC  00FD               	movwf	btemp+-1
   311  07ED  3006               	movlw	high __pidataBANK0
   312  07EE  00FE               	movwf	btemp
   313  07EF  304A               	movlw	low __pidataBANK0
   314  07F0  00FF               	movwf	btemp+1
   315  07F1  3020               	movlw	low __pdataBANK0
   316  07F2  0084               	movwf	4
   317  07F3  120A  118A  25E6  120A  118A  	fcall	init_ram0
   318                           
   319                           ; Clear objects allocated to COMMON
   320  07F8  01F0               	clrf	__pbssCOMMON& (0+127)
   321  07F9  01F1               	clrf	(__pbssCOMMON+1)& (0+127)
   322  07FA  01F2               	clrf	(__pbssCOMMON+2)& (0+127)
   323  07FB  01F3               	clrf	(__pbssCOMMON+3)& (0+127)
   324  07FC                     end_of_initialization:	
   325                           ;End of C runtime variable initialization code
   326                           
   327  07FC                     __end_of__initialization:
   328  07FC  0183               	clrf	3
   329  07FD  120A  118A  2E8E   	ljmp	_main	;jump to C main() function
   330                           
   331                           	psect	bssCOMMON
   332  0070                     __pbssCOMMON:
   333  0070                     _i:
   334  0070                     	ds	2
   335  0072                     _z:
   336  0072                     	ds	2
   337                           
   338                           	psect	dataBANK0
   339  0020                     __pdataBANK0:
   340  0020                     _s4:
   341  0020                     	ds	17
   342  0031                     _s3:
   343  0031                     	ds	17
   344  0042                     _s2:
   345  0042                     	ds	17
   346  0053                     _s1:
   347  0053                     	ds	17
   348                           
   349                           	psect	inittext
   350  05E2                     init_fetch0:	
   351                           ;	Called with low address in FSR and high address in W
   352                           
   353  05E2  087E               	movf	btemp,w
   354  05E3  008A               	movwf	10
   355  05E4  087F               	movf	btemp+1,w
   356  05E5  0082               	movwf	2
   357  05E6                     init_ram0:	
   358                           ;Called with:
   359                           ;	high address of idata address in btemp 
   360                           ;	low address of idata address in btemp+1 
   361                           ;	low address of data in FSR
   362                           ;	high address + 1 of data in btemp-1
   363                           
   364  05E6  120A  118A  25E2  120A  118A  	fcall	init_fetch0
   365  05EB  0080               	movwf	0
   366  05EC  0A84               	incf	4,f
   367  05ED  0804               	movf	4,w
   368  05EE  067D               	xorwf	btemp+-1,w
   369  05EF  1903               	btfsc	3,2
   370  05F0  3400               	retlw	0
   371  05F1  0AFF               	incf	btemp+1,f
   372  05F2  1903               	btfsc	3,2
   373  05F3  0AFE               	incf	btemp,f
   374  05F4  2DE6               	goto	init_ram0
   375                           
   376                           	psect	cstackCOMMON
   377  0074                     __pcstackCOMMON:
   378  0074                     ?_lcdInit:
   379  0074                     ?_lcddata:	
   380                           ; 1 bytes @ 0x0
   381                           
   382  0074                     ??_lcddata:	
   383                           ; 1 bytes @ 0x0
   384                           
   385  0074                     ?_lcdcmd:	
   386                           ; 1 bytes @ 0x0
   387                           
   388  0074                     ??_lcdcmd:	
   389                           ; 1 bytes @ 0x0
   390                           
   391  0074                     ?_select_Item:	
   392                           ; 1 bytes @ 0x0
   393                           
   394  0074                     ?_main:	
   395                           ; 1 bytes @ 0x0
   396                           
   397                           
   398                           ; 1 bytes @ 0x0
   399  0074                     	ds	2
   400  0076                     lcdcmd@d1:
   401  0076                     lcddata@d2:	
   402                           ; 1 bytes @ 0x2
   403                           
   404                           
   405                           ; 1 bytes @ 0x2
   406  0076                     	ds	1
   407  0077                     ??_lcdInit:
   408  0077                     ??_select_Item:	
   409                           ; 1 bytes @ 0x3
   410                           
   411  0077                     ??_main:	
   412                           ; 1 bytes @ 0x3
   413                           
   414                           
   415                           	psect	maintext
   416  068E                     __pmaintext:	
   417                           ; 1 bytes @ 0x3
   418 ;;
   419 ;;Main: autosize = 0, tempsize = 0, incstack = 0, save=0
   420 ;;
   421 ;; *************** function _main *****************
   422 ;; Defined at:
   423 ;;		line 43 in file "miniproj3.c"
   424 ;; Parameters:    Size  Location     Type
   425 ;;		None
   426 ;; Auto vars:     Size  Location     Type
   427 ;;		None
   428 ;; Return value:  Size  Location     Type
   429 ;;                  1    wreg      void 
   430 ;; Registers used:
   431 ;;		wreg, fsr0l, fsr0h, status,2, status,0, btemp+1, pclath, cstack
   432 ;; Tracked objects:
   433 ;;		On entry : B00/0
   434 ;;		On exit  : 0/0
   435 ;;		Unchanged: 0/0
   436 ;; Data sizes:     COMMON   BANK0   BANK1   BANK3   BANK2
   437 ;;      Params:         0       0       0       0       0
   438 ;;      Locals:         0       0       0       0       0
   439 ;;      Temps:          0       0       0       0       0
   440 ;;      Totals:         0       0       0       0       0
   441 ;;Total ram usage:        0 bytes
   442 ;; Hardware stack levels required when called: 3
   443 ;; This function calls:
   444 ;;		_lcdInit
   445 ;;		_lcdcmd
   446 ;;		_lcddata
   447 ;;		_select_Item
   448 ;; This function is called by:
   449 ;;		Startup code after reset
   450 ;; This function uses a non-reentrant model
   451 ;;
   452                           
   453                           
   454                           ;psect for function _main
   455  068E                     _main:
   456  068E                     l725:	
   457                           ;incstack = 0
   458                           ; Regs used in _main: [wreg-fsr0h+status,2+status,0+btemp+1+pclath+cstack]
   459                           
   460                           
   461                           ;miniproj3.c: 45:     TRISA=0XFC;
   462  068E  30FC               	movlw	252
   463  068F  1683               	bsf	3,5	;RP0=1, select bank1
   464  0690  1303               	bcf	3,6	;RP1=0, select bank1
   465  0691  0085               	movwf	5	;volatile
   466                           
   467                           ;miniproj3.c: 46:     TRISB=0X3F;
   468  0692  303F               	movlw	63
   469  0693  0086               	movwf	6	;volatile
   470                           
   471                           ;miniproj3.c: 47:     TRISC=0XF8;
   472  0694  30F8               	movlw	248
   473  0695  0087               	movwf	7	;volatile
   474  0696                     l727:
   475                           
   476                           ;miniproj3.c: 48:     TRISD=0X00;
   477  0696  0188               	clrf	8	;volatile
   478  0697                     l729:
   479                           
   480                           ;miniproj3.c: 50:     OSCCON=0X75;
   481  0697  3075               	movlw	117
   482  0698  008F               	movwf	15	;volatile
   483                           
   484                           ;miniproj3.c: 51:     ANSELH=0X00;
   485  0699  1683               	bsf	3,5	;RP0=1, select bank3
   486  069A  1703               	bsf	3,6	;RP1=1, select bank3
   487  069B  0189               	clrf	9	;volatile
   488  069C                     l731:
   489                           
   490                           ;miniproj3.c: 52:     ADCON0=0b11000001;
   491  069C  30C1               	movlw	193
   492  069D  1283               	bcf	3,5	;RP0=0, select bank0
   493  069E  1303               	bcf	3,6	;RP1=0, select bank0
   494  069F  009F               	movwf	31	;volatile
   495  06A0                     l733:
   496                           
   497                           ;miniproj3.c: 53:     ADCON1=0b10000000;
   498  06A0  3080               	movlw	128
   499  06A1  1683               	bsf	3,5	;RP0=1, select bank1
   500  06A2  1303               	bcf	3,6	;RP1=0, select bank1
   501  06A3  009F               	movwf	31	;volatile
   502  06A4                     l735:
   503                           
   504                           ;miniproj3.c: 55:     PORTBbits.RB0=1;
   505  06A4  1283               	bcf	3,5	;RP0=0, select bank0
   506  06A5  1303               	bcf	3,6	;RP1=0, select bank0
   507  06A6  1406               	bsf	6,0	;volatile
   508  06A7                     l737:
   509                           
   510                           ;miniproj3.c: 56:     PORTBbits.RB1=1;
   511  06A7  1486               	bsf	6,1	;volatile
   512  06A8                     l739:
   513                           
   514                           ;miniproj3.c: 57:     PORTBbits.RB2=1;
   515  06A8  1506               	bsf	6,2	;volatile
   516  06A9                     l741:
   517                           
   518                           ;miniproj3.c: 59:     PORTBbits.RB3=1;
   519  06A9  1586               	bsf	6,3	;volatile
   520  06AA                     l743:
   521                           
   522                           ;miniproj3.c: 60:     PORTBbits.RB4=1;
   523  06AA  1606               	bsf	6,4	;volatile
   524  06AB                     l745:
   525                           
   526                           ;miniproj3.c: 61:     PORTBbits.RB5=1;
   527  06AB  1686               	bsf	6,5	;volatile
   528  06AC                     l747:
   529                           
   530                           ;miniproj3.c: 62:     PORTBbits.RB6=1;
   531  06AC  1706               	bsf	6,6	;volatile
   532  06AD                     l749:
   533                           
   534                           ;miniproj3.c: 64:     PORTEbits.RE3=1;
   535  06AD  1589               	bsf	9,3	;volatile
   536  06AE                     l751:
   537                           
   538                           ;miniproj3.c: 66:     PORTCbits.RC0=0;
   539  06AE  1007               	bcf	7,0	;volatile
   540  06AF                     l753:
   541                           
   542                           ;miniproj3.c: 67:     PORTCbits.RC1=0;
   543  06AF  1087               	bcf	7,1	;volatile
   544  06B0                     l755:
   545                           
   546                           ;miniproj3.c: 68:     PORTCbits.RC2=0;
   547  06B0  1107               	bcf	7,2	;volatile
   548  06B1                     l757:
   549                           
   550                           ;miniproj3.c: 71:     {;miniproj3.c: 73:         if (PORTBbits.RB0==0)
   551  06B1  1283               	bcf	3,5	;RP0=0, select bank0
   552  06B2  1303               	bcf	3,6	;RP1=0, select bank0
   553  06B3  1806               	btfsc	6,0	;volatile
   554  06B4  2EB6               	goto	u21
   555  06B5  2EB7               	goto	u20
   556  06B6                     u21:
   557  06B6  2EE0               	goto	l54
   558  06B7                     u20:
   559  06B7                     l759:
   560                           
   561                           ;miniproj3.c: 74:         {;miniproj3.c: 75:             PORTCbits.RC0=1;
   562  06B7  1407               	bsf	7,0	;volatile
   563                           
   564                           ;miniproj3.c: 76:             PORTCbits.RC1=0;
   565  06B8  1087               	bcf	7,1	;volatile
   566                           
   567                           ;miniproj3.c: 77:             PORTCbits.RC2=0;
   568  06B9  1107               	bcf	7,2	;volatile
   569  06BA                     l761:
   570                           
   571                           ;miniproj3.c: 78:             for (i=0;i<17;i++)
   572  06BA  01F0               	clrf	_i
   573  06BB  01F1               	clrf	_i+1
   574  06BC                     l763:
   575  06BC  0871               	movf	_i+1,w
   576  06BD  3A80               	xorlw	128
   577  06BE  00FF               	movwf	btemp+1
   578  06BF  3080               	movlw	128
   579  06C0  027F               	subwf	btemp+1,w
   580  06C1  1D03               	skipz
   581  06C2  2EC5               	goto	u35
   582  06C3  3011               	movlw	17
   583  06C4  0270               	subwf	_i,w
   584  06C5                     u35:
   585  06C5  1C03               	skipc
   586  06C6  2EC8               	goto	u31
   587  06C7  2EC9               	goto	u30
   588  06C8                     u31:
   589  06C8  2ECA               	goto	l767
   590  06C9                     u30:
   591  06C9  2EE0               	goto	l54
   592  06CA                     l767:
   593                           
   594                           ;miniproj3.c: 79:             {;miniproj3.c: 80:                 lcdInit();
   595  06CA  120A  118A  25D5  120A  118A  	fcall	_lcdInit
   596  06CF                     l769:
   597                           
   598                           ;miniproj3.c: 81:                 lcddata(s3[i]);
   599  06CF  0870               	movf	_i,w
   600  06D0  3E31               	addlw	(low (_s3| 0))& (0+255)
   601  06D1  0084               	movwf	4
   602  06D2  1383               	bcf	3,7	;select IRP bank0
   603  06D3  0800               	movf	0,w
   604  06D4  120A  118A  2609  120A  118A  	fcall	_lcddata
   605  06D9                     l771:
   606                           
   607                           ;miniproj3.c: 82:             }
   608  06D9  3001               	movlw	1
   609  06DA  07F0               	addwf	_i,f
   610  06DB  1803               	skipnc
   611  06DC  0AF1               	incf	_i+1,f
   612  06DD  3000               	movlw	0
   613  06DE  07F1               	addwf	_i+1,f
   614  06DF  2EBC               	goto	l763
   615  06E0                     l54:	
   616                           ;miniproj3.c: 83:         }
   617                           
   618                           
   619                           ;miniproj3.c: 85:         if (PORTBbits.RB1==0)
   620  06E0  1283               	bcf	3,5	;RP0=0, select bank0
   621  06E1  1303               	bcf	3,6	;RP1=0, select bank0
   622  06E2  1886               	btfsc	6,1	;volatile
   623  06E3  2EE5               	goto	u41
   624  06E4  2EE6               	goto	u40
   625  06E5                     u41:
   626  06E5  2F0F               	goto	l57
   627  06E6                     u40:
   628  06E6                     l775:
   629                           
   630                           ;miniproj3.c: 86:         {;miniproj3.c: 87:             PORTCbits.RC0=1;
   631  06E6  1407               	bsf	7,0	;volatile
   632                           
   633                           ;miniproj3.c: 88:             PORTCbits.RC1=0;
   634  06E7  1087               	bcf	7,1	;volatile
   635                           
   636                           ;miniproj3.c: 89:             PORTCbits.RC2=0;
   637  06E8  1107               	bcf	7,2	;volatile
   638  06E9                     l777:
   639                           
   640                           ;miniproj3.c: 90:             for (i=0;i<17;i++)
   641  06E9  01F0               	clrf	_i
   642  06EA  01F1               	clrf	_i+1
   643  06EB                     l779:
   644  06EB  0871               	movf	_i+1,w
   645  06EC  3A80               	xorlw	128
   646  06ED  00FF               	movwf	btemp+1
   647  06EE  3080               	movlw	128
   648  06EF  027F               	subwf	btemp+1,w
   649  06F0  1D03               	skipz
   650  06F1  2EF4               	goto	u55
   651  06F2  3011               	movlw	17
   652  06F3  0270               	subwf	_i,w
   653  06F4                     u55:
   654  06F4  1C03               	skipc
   655  06F5  2EF7               	goto	u51
   656  06F6  2EF8               	goto	u50
   657  06F7                     u51:
   658  06F7  2EF9               	goto	l783
   659  06F8                     u50:
   660  06F8  2F0F               	goto	l57
   661  06F9                     l783:
   662                           
   663                           ;miniproj3.c: 91:             {;miniproj3.c: 92:                 lcdInit();
   664  06F9  120A  118A  25D5  120A  118A  	fcall	_lcdInit
   665  06FE                     l785:
   666                           
   667                           ;miniproj3.c: 93:                 lcddata(s3[i]);
   668  06FE  0870               	movf	_i,w
   669  06FF  3E31               	addlw	(low (_s3| 0))& (0+255)
   670  0700  0084               	movwf	4
   671  0701  1383               	bcf	3,7	;select IRP bank0
   672  0702  0800               	movf	0,w
   673  0703  120A  118A  2609  120A  118A  	fcall	_lcddata
   674  0708                     l787:
   675                           
   676                           ;miniproj3.c: 94:             }
   677  0708  3001               	movlw	1
   678  0709  07F0               	addwf	_i,f
   679  070A  1803               	skipnc
   680  070B  0AF1               	incf	_i+1,f
   681  070C  3000               	movlw	0
   682  070D  07F1               	addwf	_i+1,f
   683  070E  2EEB               	goto	l779
   684  070F                     l57:	
   685                           ;miniproj3.c: 95:         }
   686                           
   687                           
   688                           ;miniproj3.c: 97:         if (PORTBbits.RB2==0)
   689  070F  1283               	bcf	3,5	;RP0=0, select bank0
   690  0710  1303               	bcf	3,6	;RP1=0, select bank0
   691  0711  1906               	btfsc	6,2	;volatile
   692  0712  2F14               	goto	u61
   693  0713  2F15               	goto	u60
   694  0714                     u61:
   695  0714  2F3E               	goto	l60
   696  0715                     u60:
   697  0715                     l791:
   698                           
   699                           ;miniproj3.c: 98:         {;miniproj3.c: 99:             PORTCbits.RC0=0;
   700  0715  1007               	bcf	7,0	;volatile
   701                           
   702                           ;miniproj3.c: 100:             PORTCbits.RC1=1;
   703  0716  1487               	bsf	7,1	;volatile
   704                           
   705                           ;miniproj3.c: 101:             PORTCbits.RC2=0;
   706  0717  1107               	bcf	7,2	;volatile
   707  0718                     l793:
   708                           
   709                           ;miniproj3.c: 102:             for (i=0;i<17;i++)
   710  0718  01F0               	clrf	_i
   711  0719  01F1               	clrf	_i+1
   712  071A                     l795:
   713  071A  0871               	movf	_i+1,w
   714  071B  3A80               	xorlw	128
   715  071C  00FF               	movwf	btemp+1
   716  071D  3080               	movlw	128
   717  071E  027F               	subwf	btemp+1,w
   718  071F  1D03               	skipz
   719  0720  2F23               	goto	u75
   720  0721  3011               	movlw	17
   721  0722  0270               	subwf	_i,w
   722  0723                     u75:
   723  0723  1C03               	skipc
   724  0724  2F26               	goto	u71
   725  0725  2F27               	goto	u70
   726  0726                     u71:
   727  0726  2F28               	goto	l799
   728  0727                     u70:
   729  0727  2F3E               	goto	l60
   730  0728                     l799:
   731                           
   732                           ;miniproj3.c: 103:             {;miniproj3.c: 104:                 lcdInit();
   733  0728  120A  118A  25D5  120A  118A  	fcall	_lcdInit
   734  072D                     l801:
   735                           
   736                           ;miniproj3.c: 105:                 lcddata (s1[i]);
   737  072D  0870               	movf	_i,w
   738  072E  3E53               	addlw	(low (_s1| 0))& (0+255)
   739  072F  0084               	movwf	4
   740  0730  1383               	bcf	3,7	;select IRP bank0
   741  0731  0800               	movf	0,w
   742  0732  120A  118A  2609  120A  118A  	fcall	_lcddata
   743  0737                     l803:
   744                           
   745                           ;miniproj3.c: 106:             }
   746  0737  3001               	movlw	1
   747  0738  07F0               	addwf	_i,f
   748  0739  1803               	skipnc
   749  073A  0AF1               	incf	_i+1,f
   750  073B  3000               	movlw	0
   751  073C  07F1               	addwf	_i+1,f
   752  073D  2F1A               	goto	l795
   753  073E                     l60:	
   754                           ;miniproj3.c: 107:         }
   755                           
   756                           
   757                           ;miniproj3.c: 110:         if(PORTBbits.RB3==0)
   758  073E  1283               	bcf	3,5	;RP0=0, select bank0
   759  073F  1303               	bcf	3,6	;RP1=0, select bank0
   760  0740  1986               	btfsc	6,3	;volatile
   761  0741  2F43               	goto	u81
   762  0742  2F44               	goto	u80
   763  0743                     u81:
   764  0743  2F6D               	goto	l63
   765  0744                     u80:
   766  0744                     l807:
   767                           
   768                           ;miniproj3.c: 111:         {;miniproj3.c: 112:             PORTCbits.RC0=0;
   769  0744  1007               	bcf	7,0	;volatile
   770                           
   771                           ;miniproj3.c: 113:             PORTCbits.RC1=1;
   772  0745  1487               	bsf	7,1	;volatile
   773                           
   774                           ;miniproj3.c: 114:             PORTCbits.RC2=0;
   775  0746  1107               	bcf	7,2	;volatile
   776  0747                     l809:
   777                           
   778                           ;miniproj3.c: 115:             for (i=0;i<17;i++)
   779  0747  01F0               	clrf	_i
   780  0748  01F1               	clrf	_i+1
   781  0749                     l811:
   782  0749  0871               	movf	_i+1,w
   783  074A  3A80               	xorlw	128
   784  074B  00FF               	movwf	btemp+1
   785  074C  3080               	movlw	128
   786  074D  027F               	subwf	btemp+1,w
   787  074E  1D03               	skipz
   788  074F  2F52               	goto	u95
   789  0750  3011               	movlw	17
   790  0751  0270               	subwf	_i,w
   791  0752                     u95:
   792  0752  1C03               	skipc
   793  0753  2F55               	goto	u91
   794  0754  2F56               	goto	u90
   795  0755                     u91:
   796  0755  2F57               	goto	l815
   797  0756                     u90:
   798  0756  2F6D               	goto	l63
   799  0757                     l815:
   800                           
   801                           ;miniproj3.c: 116:             {;miniproj3.c: 117:                 lcdInit();
   802  0757  120A  118A  25D5  120A  118A  	fcall	_lcdInit
   803  075C                     l817:
   804                           
   805                           ;miniproj3.c: 118:                 lcddata (s1[i]);
   806  075C  0870               	movf	_i,w
   807  075D  3E53               	addlw	(low (_s1| 0))& (0+255)
   808  075E  0084               	movwf	4
   809  075F  1383               	bcf	3,7	;select IRP bank0
   810  0760  0800               	movf	0,w
   811  0761  120A  118A  2609  120A  118A  	fcall	_lcddata
   812  0766                     l819:
   813                           
   814                           ;miniproj3.c: 119:             }
   815  0766  3001               	movlw	1
   816  0767  07F0               	addwf	_i,f
   817  0768  1803               	skipnc
   818  0769  0AF1               	incf	_i+1,f
   819  076A  3000               	movlw	0
   820  076B  07F1               	addwf	_i+1,f
   821  076C  2F49               	goto	l811
   822  076D                     l63:	
   823                           ;miniproj3.c: 120:         }
   824                           
   825                           
   826                           ;miniproj3.c: 122:         if(PORTBbits.RB4==0)
   827  076D  1283               	bcf	3,5	;RP0=0, select bank0
   828  076E  1303               	bcf	3,6	;RP1=0, select bank0
   829  076F  1A06               	btfsc	6,4	;volatile
   830  0770  2F72               	goto	u101
   831  0771  2F73               	goto	u100
   832  0772                     u101:
   833  0772  2F9C               	goto	l66
   834  0773                     u100:
   835  0773                     l823:
   836                           
   837                           ;miniproj3.c: 123:         {;miniproj3.c: 124:             PORTCbits.RC0=1;
   838  0773  1407               	bsf	7,0	;volatile
   839                           
   840                           ;miniproj3.c: 125:             PORTCbits.RC1=0;
   841  0774  1087               	bcf	7,1	;volatile
   842                           
   843                           ;miniproj3.c: 126:             PORTCbits.RC2=1;
   844  0775  1507               	bsf	7,2	;volatile
   845  0776                     l825:
   846                           
   847                           ;miniproj3.c: 127:             for (i=0;i<15;i++)
   848  0776  01F0               	clrf	_i
   849  0777  01F1               	clrf	_i+1
   850  0778                     l827:
   851  0778  0871               	movf	_i+1,w
   852  0779  3A80               	xorlw	128
   853  077A  00FF               	movwf	btemp+1
   854  077B  3080               	movlw	128
   855  077C  027F               	subwf	btemp+1,w
   856  077D  1D03               	skipz
   857  077E  2F81               	goto	u115
   858  077F  300F               	movlw	15
   859  0780  0270               	subwf	_i,w
   860  0781                     u115:
   861  0781  1C03               	skipc
   862  0782  2F84               	goto	u111
   863  0783  2F85               	goto	u110
   864  0784                     u111:
   865  0784  2F86               	goto	l831
   866  0785                     u110:
   867  0785  2F9C               	goto	l66
   868  0786                     l831:
   869                           
   870                           ;miniproj3.c: 128:             {;miniproj3.c: 129:                 lcdInit();
   871  0786  120A  118A  25D5  120A  118A  	fcall	_lcdInit
   872  078B                     l833:
   873                           
   874                           ;miniproj3.c: 130:                 lcddata (s2[i]);
   875  078B  0870               	movf	_i,w
   876  078C  3E42               	addlw	(low (_s2| 0))& (0+255)
   877  078D  0084               	movwf	4
   878  078E  1383               	bcf	3,7	;select IRP bank0
   879  078F  0800               	movf	0,w
   880  0790  120A  118A  2609  120A  118A  	fcall	_lcddata
   881  0795                     l835:
   882                           
   883                           ;miniproj3.c: 131:             }
   884  0795  3001               	movlw	1
   885  0796  07F0               	addwf	_i,f
   886  0797  1803               	skipnc
   887  0798  0AF1               	incf	_i+1,f
   888  0799  3000               	movlw	0
   889  079A  07F1               	addwf	_i+1,f
   890  079B  2F78               	goto	l827
   891  079C                     l66:	
   892                           ;miniproj3.c: 132:         }
   893                           
   894                           
   895                           ;miniproj3.c: 134:         if (PORTBbits.RB5==0)
   896  079C  1283               	bcf	3,5	;RP0=0, select bank0
   897  079D  1303               	bcf	3,6	;RP1=0, select bank0
   898  079E  1A86               	btfsc	6,5	;volatile
   899  079F  2FA1               	goto	u121
   900  07A0  2FA2               	goto	u120
   901  07A1                     u121:
   902  07A1  2FCB               	goto	l69
   903  07A2                     u120:
   904  07A2                     l839:
   905                           
   906                           ;miniproj3.c: 135:         {;miniproj3.c: 136:             PORTCbits.RC0=1;
   907  07A2  1407               	bsf	7,0	;volatile
   908                           
   909                           ;miniproj3.c: 137:             PORTCbits.RC1=0;
   910  07A3  1087               	bcf	7,1	;volatile
   911                           
   912                           ;miniproj3.c: 138:             PORTCbits.RC2=1;
   913  07A4  1507               	bsf	7,2	;volatile
   914  07A5                     l841:
   915                           
   916                           ;miniproj3.c: 139:             for (i=0;i<15;i++)
   917  07A5  01F0               	clrf	_i
   918  07A6  01F1               	clrf	_i+1
   919  07A7                     l843:
   920  07A7  0871               	movf	_i+1,w
   921  07A8  3A80               	xorlw	128
   922  07A9  00FF               	movwf	btemp+1
   923  07AA  3080               	movlw	128
   924  07AB  027F               	subwf	btemp+1,w
   925  07AC  1D03               	skipz
   926  07AD  2FB0               	goto	u135
   927  07AE  300F               	movlw	15
   928  07AF  0270               	subwf	_i,w
   929  07B0                     u135:
   930  07B0  1C03               	skipc
   931  07B1  2FB3               	goto	u131
   932  07B2  2FB4               	goto	u130
   933  07B3                     u131:
   934  07B3  2FB5               	goto	l847
   935  07B4                     u130:
   936  07B4  2FCB               	goto	l69
   937  07B5                     l847:
   938                           
   939                           ;miniproj3.c: 140:             {;miniproj3.c: 141:                 lcdInit();
   940  07B5  120A  118A  25D5  120A  118A  	fcall	_lcdInit
   941  07BA                     l849:
   942                           
   943                           ;miniproj3.c: 142:                 lcddata (s2[i]);
   944  07BA  0870               	movf	_i,w
   945  07BB  3E42               	addlw	(low (_s2| 0))& (0+255)
   946  07BC  0084               	movwf	4
   947  07BD  1383               	bcf	3,7	;select IRP bank0
   948  07BE  0800               	movf	0,w
   949  07BF  120A  118A  2609  120A  118A  	fcall	_lcddata
   950  07C4                     l851:
   951                           
   952                           ;miniproj3.c: 143:             }
   953  07C4  3001               	movlw	1
   954  07C5  07F0               	addwf	_i,f
   955  07C6  1803               	skipnc
   956  07C7  0AF1               	incf	_i+1,f
   957  07C8  3000               	movlw	0
   958  07C9  07F1               	addwf	_i+1,f
   959  07CA  2FA7               	goto	l843
   960  07CB                     l69:	
   961                           ;miniproj3.c: 144:         }
   962                           
   963                           
   964                           ;miniproj3.c: 146:         if (PORTEbits.RE3==0)
   965  07CB  1283               	bcf	3,5	;RP0=0, select bank0
   966  07CC  1303               	bcf	3,6	;RP1=0, select bank0
   967  07CD  1989               	btfsc	9,3	;volatile
   968  07CE  2FD0               	goto	u141
   969  07CF  2FD1               	goto	u140
   970  07D0                     u141:
   971  07D0  2FD5               	goto	l857
   972  07D1                     u140:
   973  07D1                     l855:
   974                           
   975                           ;miniproj3.c: 147:         {;miniproj3.c: 148:             PORTCbits.RC0=0;
   976  07D1  1007               	bcf	7,0	;volatile
   977                           
   978                           ;miniproj3.c: 149:             PORTCbits.RC1=0;
   979  07D2  1087               	bcf	7,1	;volatile
   980                           
   981                           ;miniproj3.c: 150:             PORTCbits.RC2=0;
   982  07D3  1107               	bcf	7,2	;volatile
   983                           
   984                           ;miniproj3.c: 151:         }
   985  07D4  2EB1               	goto	l757
   986  07D5                     l857:
   987                           
   988                           ;miniproj3.c: 154:         {;miniproj3.c: 155:             lcdcmd(0x0C);
   989  07D5  300C               	movlw	12
   990  07D6  120A  118A  25F5  120A  118A  	fcall	_lcdcmd
   991  07DB                     l859:
   992                           
   993                           ;miniproj3.c: 156:             if(PORTBbits.RB6==1)
   994  07DB  1283               	bcf	3,5	;RP0=0, select bank0
   995  07DC  1303               	bcf	3,6	;RP1=0, select bank0
   996  07DD  1F06               	btfss	6,6	;volatile
   997  07DE  2FE0               	goto	u151
   998  07DF  2FE1               	goto	u150
   999  07E0                     u151:
  1000  07E0  2EB1               	goto	l757
  1001  07E1                     u150:
  1002  07E1                     l861:
  1003                           
  1004                           ;miniproj3.c: 157:                 select_Item();
  1005  07E1  120A  118A  261D  120A  118A  	fcall	_select_Item
  1006  07E6  2EB1               	goto	l757
  1007  07E7  120A  118A  2800   	ljmp	start
  1008  07EA                     __end_of_main:
  1009                           
  1010                           	psect	text1
  1011  061D                     __ptext1:	
  1012 ;; *************** function _select_Item *****************
  1013 ;; Defined at:
  1014 ;;		line 198 in file "miniproj3.c"
  1015 ;; Parameters:    Size  Location     Type
  1016 ;;		None
  1017 ;; Auto vars:     Size  Location     Type
  1018 ;;		None
  1019 ;; Return value:  Size  Location     Type
  1020 ;;                  1    wreg      void 
  1021 ;; Registers used:
  1022 ;;		wreg, fsr0l, fsr0h, status,2, status,0, btemp+1, pclath, cstack
  1023 ;; Tracked objects:
  1024 ;;		On entry : 0/0
  1025 ;;		On exit  : 0/0
  1026 ;;		Unchanged: 0/0
  1027 ;; Data sizes:     COMMON   BANK0   BANK1   BANK3   BANK2
  1028 ;;      Params:         0       0       0       0       0
  1029 ;;      Locals:         0       0       0       0       0
  1030 ;;      Temps:          0       0       0       0       0
  1031 ;;      Totals:         0       0       0       0       0
  1032 ;;Total ram usage:        0 bytes
  1033 ;; Hardware stack levels used: 1
  1034 ;; Hardware stack levels required when called: 2
  1035 ;; This function calls:
  1036 ;;		_lcdInit
  1037 ;;		_lcdcmd
  1038 ;;		_lcddata
  1039 ;; This function is called by:
  1040 ;;		_main
  1041 ;; This function uses a non-reentrant model
  1042 ;;
  1043                           
  1044                           
  1045                           ;psect for function _select_Item
  1046  061D                     _select_Item:
  1047  061D                     l709:	
  1048                           ;incstack = 0
  1049                           ; Regs used in _select_Item: [wreg-fsr0h+status,2+status,0+btemp+1+pclath+cstack]
  1050                           
  1051                           
  1052                           ;miniproj3.c: 200:     for(i=0;i<14;i++)
  1053  061D  01F0               	clrf	_i
  1054  061E  01F1               	clrf	_i+1
  1055  061F                     l711:
  1056  061F  0871               	movf	_i+1,w
  1057  0620  3A80               	xorlw	128
  1058  0621  00FF               	movwf	btemp+1
  1059  0622  3080               	movlw	128
  1060  0623  027F               	subwf	btemp+1,w
  1061  0624  1D03               	skipz
  1062  0625  2E28               	goto	u15
  1063  0626  300E               	movlw	14
  1064  0627  0270               	subwf	_i,w
  1065  0628                     u15:
  1066  0628  1C03               	skipc
  1067  0629  2E2B               	goto	u11
  1068  062A  2E2C               	goto	u10
  1069  062B                     u11:
  1070  062B  2E2D               	goto	l715
  1071  062C                     u10:
  1072  062C  2E43               	goto	l723
  1073  062D                     l715:
  1074                           
  1075                           ;miniproj3.c: 201:     {;miniproj3.c: 202:         lcdInit();
  1076  062D  120A  118A  25D5  120A  118A  	fcall	_lcdInit
  1077  0632                     l717:
  1078                           
  1079                           ;miniproj3.c: 203:         lcddata(s4[i]);
  1080  0632  0870               	movf	_i,w
  1081  0633  3E20               	addlw	(low (_s4| 0))& (0+255)
  1082  0634  0084               	movwf	4
  1083  0635  1383               	bcf	3,7	;select IRP bank0
  1084  0636  0800               	movf	0,w
  1085  0637  120A  118A  2609  120A  118A  	fcall	_lcddata
  1086  063C                     l719:
  1087                           
  1088                           ;miniproj3.c: 204:     }
  1089  063C  3001               	movlw	1
  1090  063D  07F0               	addwf	_i,f
  1091  063E  1803               	skipnc
  1092  063F  0AF1               	incf	_i+1,f
  1093  0640  3000               	movlw	0
  1094  0641  07F1               	addwf	_i+1,f
  1095  0642  2E1F               	goto	l711
  1096  0643                     l723:
  1097                           
  1098                           ;miniproj3.c: 205:     lcdcmd(0x01);
  1099  0643  3001               	movlw	1
  1100  0644  120A  118A  25F5  120A  118A  	fcall	_lcdcmd
  1101  0649                     l99:
  1102  0649  0008               	return
  1103  064A                     __end_of_select_Item:
  1104                           
  1105                           	psect	text2
  1106  0609                     __ptext2:	
  1107 ;; *************** function _lcddata *****************
  1108 ;; Defined at:
  1109 ;;		line 189 in file "miniproj3.c"
  1110 ;; Parameters:    Size  Location     Type
  1111 ;;  d2              1    wreg     unsigned char 
  1112 ;; Auto vars:     Size  Location     Type
  1113 ;;  d2              1    2[COMMON] unsigned char 
  1114 ;; Return value:  Size  Location     Type
  1115 ;;                  1    wreg      void 
  1116 ;; Registers used:
  1117 ;;		wreg
  1118 ;; Tracked objects:
  1119 ;;		On entry : 0/0
  1120 ;;		On exit  : 0/0
  1121 ;;		Unchanged: 0/0
  1122 ;; Data sizes:     COMMON   BANK0   BANK1   BANK3   BANK2
  1123 ;;      Params:         0       0       0       0       0
  1124 ;;      Locals:         1       0       0       0       0
  1125 ;;      Temps:          2       0       0       0       0
  1126 ;;      Totals:         3       0       0       0       0
  1127 ;;Total ram usage:        3 bytes
  1128 ;; Hardware stack levels used: 1
  1129 ;; This function calls:
  1130 ;;		Nothing
  1131 ;; This function is called by:
  1132 ;;		_main
  1133 ;;		_select_Item
  1134 ;; This function uses a non-reentrant model
  1135 ;;
  1136                           
  1137                           
  1138                           ;psect for function _lcddata
  1139  0609                     _lcddata:
  1140                           
  1141                           ;incstack = 0
  1142                           ; Regs used in _lcddata: [wreg]
  1143                           ;lcddata@d2 stored from wreg
  1144  0609  00F6               	movwf	lcddata@d2
  1145  060A                     l701:
  1146                           
  1147                           ;miniproj3.c: 189: void lcddata(unsigned char d2);miniproj3.c: 190: {;miniproj3.c: 191: 
      +                              PORTD=d2;
  1148  060A  0876               	movf	lcddata@d2,w
  1149  060B  1283               	bcf	3,5	;RP0=0, select bank0
  1150  060C  1303               	bcf	3,6	;RP1=0, select bank0
  1151  060D  0088               	movwf	8	;volatile
  1152  060E                     l703:
  1153                           
  1154                           ;miniproj3.c: 192:     PORTAbits.RA0=1;
  1155  060E  1405               	bsf	5,0	;volatile
  1156  060F                     l705:
  1157                           
  1158                           ;miniproj3.c: 193:     PORTAbits.RA1=0;
  1159  060F  1085               	bcf	5,1	;volatile
  1160                           
  1161                           ;miniproj3.c: 194:     _delay((unsigned long)((50)*(8000000/4000.0)));
  1162  0610  3082               	movlw	130
  1163  0611  00F5               	movwf	??_lcddata+1
  1164  0612  30DD               	movlw	221
  1165  0613  00F4               	movwf	??_lcddata
  1166  0614                     u187:
  1167  0614  0BF4               	decfsz	??_lcddata,f
  1168  0615  2E14               	goto	u187
  1169  0616  0BF5               	decfsz	??_lcddata+1,f
  1170  0617  2E14               	goto	u187
  1171  0618  2E19               	nop2
  1172  0619                     l707:
  1173                           
  1174                           ;miniproj3.c: 195:     PORTAbits.RA1=1;
  1175  0619  1283               	bcf	3,5	;RP0=0, select bank0
  1176  061A  1303               	bcf	3,6	;RP1=0, select bank0
  1177  061B  1485               	bsf	5,1	;volatile
  1178  061C                     l94:
  1179  061C  0008               	return
  1180  061D                     __end_of_lcddata:
  1181                           
  1182                           	psect	text3
  1183  05D5                     __ptext3:	
  1184 ;; *************** function _lcdInit *****************
  1185 ;; Defined at:
  1186 ;;		line 174 in file "miniproj3.c"
  1187 ;; Parameters:    Size  Location     Type
  1188 ;;		None
  1189 ;; Auto vars:     Size  Location     Type
  1190 ;;		None
  1191 ;; Return value:  Size  Location     Type
  1192 ;;                  1    wreg      void 
  1193 ;; Registers used:
  1194 ;;		wreg, status,2, status,0, pclath, cstack
  1195 ;; Tracked objects:
  1196 ;;		On entry : 0/0
  1197 ;;		On exit  : 0/0
  1198 ;;		Unchanged: 0/0
  1199 ;; Data sizes:     COMMON   BANK0   BANK1   BANK3   BANK2
  1200 ;;      Params:         0       0       0       0       0
  1201 ;;      Locals:         0       0       0       0       0
  1202 ;;      Temps:          0       0       0       0       0
  1203 ;;      Totals:         0       0       0       0       0
  1204 ;;Total ram usage:        0 bytes
  1205 ;; Hardware stack levels used: 1
  1206 ;; Hardware stack levels required when called: 1
  1207 ;; This function calls:
  1208 ;;		_lcdcmd
  1209 ;; This function is called by:
  1210 ;;		_main
  1211 ;;		_select_Item
  1212 ;; This function uses a non-reentrant model
  1213 ;;
  1214                           
  1215                           
  1216                           ;psect for function _lcdInit
  1217  05D5                     _lcdInit:
  1218  05D5                     l699:	
  1219                           ;incstack = 0
  1220                           ; Regs used in _lcdInit: [wreg+status,2+status,0+pclath+cstack]
  1221                           
  1222                           
  1223                           ;miniproj3.c: 176:     lcdcmd(0x38);
  1224  05D5  3038               	movlw	56
  1225  05D6  120A  118A  25F5  120A  118A  	fcall	_lcdcmd
  1226                           
  1227                           ;miniproj3.c: 177:     lcdcmd(0x0E);
  1228  05DB  300E               	movlw	14
  1229  05DC  120A  118A  25F5  120A  118A  	fcall	_lcdcmd
  1230  05E1                     l88:
  1231  05E1  0008               	return
  1232  05E2                     __end_of_lcdInit:
  1233                           
  1234                           	psect	text4
  1235  05F5                     __ptext4:	
  1236 ;; *************** function _lcdcmd *****************
  1237 ;; Defined at:
  1238 ;;		line 180 in file "miniproj3.c"
  1239 ;; Parameters:    Size  Location     Type
  1240 ;;  d1              1    wreg     unsigned char 
  1241 ;; Auto vars:     Size  Location     Type
  1242 ;;  d1              1    2[COMMON] unsigned char 
  1243 ;; Return value:  Size  Location     Type
  1244 ;;                  1    wreg      void 
  1245 ;; Registers used:
  1246 ;;		wreg
  1247 ;; Tracked objects:
  1248 ;;		On entry : 0/0
  1249 ;;		On exit  : 0/0
  1250 ;;		Unchanged: 0/0
  1251 ;; Data sizes:     COMMON   BANK0   BANK1   BANK3   BANK2
  1252 ;;      Params:         0       0       0       0       0
  1253 ;;      Locals:         1       0       0       0       0
  1254 ;;      Temps:          2       0       0       0       0
  1255 ;;      Totals:         3       0       0       0       0
  1256 ;;Total ram usage:        3 bytes
  1257 ;; Hardware stack levels used: 1
  1258 ;; This function calls:
  1259 ;;		Nothing
  1260 ;; This function is called by:
  1261 ;;		_main
  1262 ;;		_lcdInit
  1263 ;;		_select_Item
  1264 ;; This function uses a non-reentrant model
  1265 ;;
  1266                           
  1267                           
  1268                           ;psect for function _lcdcmd
  1269  05F5                     _lcdcmd:
  1270                           
  1271                           ;incstack = 0
  1272                           ; Regs used in _lcdcmd: [wreg]
  1273                           ;lcdcmd@d1 stored from wreg
  1274  05F5  00F6               	movwf	lcdcmd@d1
  1275  05F6                     l691:
  1276                           
  1277                           ;miniproj3.c: 180: void lcdcmd(unsigned char d1);miniproj3.c: 181: {;miniproj3.c: 182:  
      +                             PORTD=d1;
  1278  05F6  0876               	movf	lcdcmd@d1,w
  1279  05F7  1283               	bcf	3,5	;RP0=0, select bank0
  1280  05F8  1303               	bcf	3,6	;RP1=0, select bank0
  1281  05F9  0088               	movwf	8	;volatile
  1282  05FA                     l693:
  1283                           
  1284                           ;miniproj3.c: 183:     PORTAbits.RA0=0;
  1285  05FA  1005               	bcf	5,0	;volatile
  1286  05FB                     l695:
  1287                           
  1288                           ;miniproj3.c: 184:     PORTAbits.RA1=0;
  1289  05FB  1085               	bcf	5,1	;volatile
  1290                           
  1291                           ;miniproj3.c: 185:     _delay((unsigned long)((50)*(8000000/4000.0)));
  1292  05FC  3082               	movlw	130
  1293  05FD  00F5               	movwf	??_lcdcmd+1
  1294  05FE  30DD               	movlw	221
  1295  05FF  00F4               	movwf	??_lcdcmd
  1296  0600                     u197:
  1297  0600  0BF4               	decfsz	??_lcdcmd,f
  1298  0601  2E00               	goto	u197
  1299  0602  0BF5               	decfsz	??_lcdcmd+1,f
  1300  0603  2E00               	goto	u197
  1301  0604  2E05               	nop2
  1302  0605                     l697:
  1303                           
  1304                           ;miniproj3.c: 186:     PORTAbits.RA1=1;
  1305  0605  1283               	bcf	3,5	;RP0=0, select bank0
  1306  0606  1303               	bcf	3,6	;RP1=0, select bank0
  1307  0607  1485               	bsf	5,1	;volatile
  1308  0608                     l91:
  1309  0608  0008               	return
  1310  0609                     __end_of_lcdcmd:
  1311  007E                     btemp	set	126	;btemp
  1312  007E                     wtemp0	set	126
  1313                           
  1314                           	psect	config
  1315                           
  1316                           ;Config register CONFIG1 @ 0x2007
  1317                           ;	Oscillator Selection bits
  1318                           ;	FOSC = INTRC_NOCLKOUT, INTOSCIO oscillator: I/O function on RA6/OSC2/CLKOUT pin, I/O f
      +                          unction on RA7/OSC1/CLKIN
  1319                           ;	Watchdog Timer Enable bit
  1320                           ;	WDTE = OFF, WDT disabled and can be enabled by SWDTEN bit of the WDTCON register
  1321                           ;	Power-up Timer Enable bit
  1322                           ;	PWRTE = ON, PWRT enabled
  1323                           ;	RE3/MCLR pin function select bit
  1324                           ;	MCLRE = OFF, RE3/MCLR pin function is digital input, MCLR internally tied to VDD
  1325                           ;	Code Protection bit
  1326                           ;	CP = OFF, Program memory code protection is disabled
  1327                           ;	Data Code Protection bit
  1328                           ;	CPD = OFF, Data memory code protection is disabled
  1329                           ;	Brown Out Reset Selection bits
  1330                           ;	BOREN = ON, BOR enabled
  1331                           ;	Internal External Switchover bit
  1332                           ;	IESO = ON, Internal/External Switchover mode is enabled
  1333                           ;	Fail-Safe Clock Monitor Enabled bit
  1334                           ;	FCMEN = ON, Fail-Safe Clock Monitor is enabled
  1335                           ;	Low Voltage Programming Enable bit
  1336                           ;	LVP = OFF, RB3 pin has digital I/O, HV on MCLR must be used for programming
  1337                           ;	In-Circuit Debugger Mode bit
  1338                           ;	DEBUG = 0x1, unprogrammed default
  1339  2007                     	org	8199
  1340  2007  2FC4               	dw	12228
  1341                           
  1342                           ;Config register CONFIG2 @ 0x2008
  1343                           ;	Brown-out Reset Selection bit
  1344                           ;	BOR4V = BOR40V, Brown-out Reset set to 4.0V
  1345                           ;	Flash Program Memory Self Write Enable bits
  1346                           ;	WRT = OFF, Write protection off
  1347  2008                     	org	8200
  1348  2008  3FFF               	dw	16383

Data Sizes:
    Strings     0
    Constant    0
    Data        68
    BSS         4
    Persistent  0
    Stack       0

Auto Spaces:
    Space          Size  Autos    Used
    COMMON           14      3       7
    BANK0            80      0      68
    BANK1            80      0       0
    BANK3            96      0       0
    BANK2            96      0       0

Pointer List with Targets:

    None.

Critical Paths under _main in COMMON

    _main->_lcdcmd
    _main->_lcddata
    _select_Item->_lcdcmd
    _select_Item->_lcddata
    _lcdInit->_lcdcmd

Critical Paths under _main in BANK0

    None.

Critical Paths under _main in BANK1

    None.

Critical Paths under _main in BANK3

    None.

Critical Paths under _main in BANK2

    None.

Call Graph Tables:

 ---------------------------------------------------------------------------------
 (Depth) Function   	        Calls       Base Space   Used Autos Params    Refs
 ---------------------------------------------------------------------------------
 (0) _main                                                 0     0      0      90
                            _lcdInit
                             _lcdcmd
                            _lcddata
                        _select_Item
 ---------------------------------------------------------------------------------
 (1) _select_Item                                          0     0      0      45
                            _lcdInit
                             _lcdcmd
                            _lcddata
 ---------------------------------------------------------------------------------
 (2) _lcddata                                              3     3      0      15
                                              0 COMMON     3     3      0
 ---------------------------------------------------------------------------------
 (2) _lcdInit                                              0     0      0      15
                             _lcdcmd
 ---------------------------------------------------------------------------------
 (2) _lcdcmd                                               3     3      0      15
                                              0 COMMON     3     3      0
 ---------------------------------------------------------------------------------
 Estimated maximum stack depth 2
 ---------------------------------------------------------------------------------

 Call Graph Graphs:

 _main (ROOT)
   _lcdInit
     _lcdcmd
   _lcdcmd
   _lcddata
   _select_Item
     _lcdInit
     _lcdcmd
     _lcddata

 Address spaces:
Name               Size   Autos  Total    Cost      Usage
BANK3               60      0       0       9        0.0%
BITBANK3            60      0       0       8        0.0%
SFR3                 0      0       0       4        0.0%
BITSFR3              0      0       0       4        0.0%
BANK2               60      0       0      11        0.0%
BITBANK2            60      0       0      10        0.0%
SFR2                 0      0       0       5        0.0%
BITSFR2              0      0       0       5        0.0%
BANK1               50      0       0       7        0.0%
BITBANK1            50      0       0       6        0.0%
SFR1                 0      0       0       2        0.0%
BITSFR1              0      0       0       2        0.0%
BANK0               50      0      44       5       85.0%
BITBANK0            50      0       0       4        0.0%
SFR0                 0      0       0       1        0.0%
BITSFR0              0      0       0       1        0.0%
COMMON               E      3       7       1       50.0%
BITCOMMON            E      0       0       0        0.0%
CODE                 0      0       0       0        0.0%
DATA                 0      0      4B      12        0.0%
ABS                  0      0      4B       3        0.0%
NULL                 0      0       0       0        0.0%
STACK                0      0       0       2        0.0%
EEDATA             100      0       0       0        0.0%


Microchip Technology PIC Macro Assembler V2.32 build 20210201212658 
Symbol Table                                                                                   Fri Jan 21 15:10:13 2022

                      _i 0070                        _z 0072                        pc 0002  
                     l60 073E                       l54 06E0                       l63 076D  
                     l57 070F                       l66 079C                       l91 0608  
                     l69 07CB                       l94 061C                       l88 05E1  
                     l99 0649                       u10 062C                       u11 062B  
                     u20 06B7                       u21 06B6                       u30 06C9  
                     u15 0628                       u31 06C8                       u40 06E6  
                     u41 06E5                       u50 06F8                       u51 06F7  
                     u35 06C5                       u60 0715                       u61 0714  
                     u70 0727                       u71 0726                       u55 06F4  
                     u80 0744                       u81 0743                       u90 0756  
                     u91 0755                       u75 0723                       u95 0752  
                     _s1 0053                       _s2 0042                       _s3 0031  
                     _s4 0020                       fsr 0004                      l701 060A  
                    l703 060E                      l711 061F                      l705 060F  
                    l801 072D                      l707 0619                      l723 0643  
                    l715 062D                      l811 0749                      l803 0737  
                    l731 069C                      l717 0632                      l709 061D  
                    l741 06A9                      l733 06A0                      l725 068E  
                    l719 063C                      l831 0786                      l823 0773  
                    l815 0757                      l807 0744                      l751 06AE  
                    l743 06AA                      l735 06A4                      l727 0696  
                    l841 07A5                      l833 078B                      l825 0776  
                    l817 075C                      l809 0747                      l761 06BA  
                    l753 06AF                      l745 06AB                      l737 06A7  
                    l729 0697                      l691 05F6                      l851 07C4  
                    l843 07A7                      l835 0795                      l827 0778  
                    l819 0766                      l771 06D9                      l763 06BC  
                    l755 06B0                      l747 06AC                      l739 06A8  
                    l693 05FA                      l861 07E1                      l757 06B1  
                    l749 06AD                      l695 05FB                      l855 07D1  
                    l847 07B5                      l839 07A2                      l791 0715  
                    l783 06F9                      l775 06E6                      l767 06CA  
                    l759 06B7                      l697 0605                      l857 07D5  
                    l849 07BA                      l793 0718                      l785 06FE  
                    l777 06E9                      l769 06CF                      l699 05D5  
                    l859 07DB                      l795 071A                      l787 0708  
                    l779 06EB                      l799 0728                      u100 0773  
                    u101 0772                      u110 0785                      u111 0784  
                    u120 07A2                      u121 07A1                      u130 07B4  
                    u131 07B3                      u115 0781                      u140 07D1  
                    u141 07D0                      u150 07E1                      u151 07E0  
                    u135 07B0                      u187 0614                      u197 0600  
                    fsr0 0004                      indf 0000                     _main 068E  
                   btemp 007E                     start 0000                    ?_main 0074  
                  _PORTD 0008                    _TRISA 0085                    _TRISB 0086  
                  _TRISC 0087                    _TRISD 0088          __end_of_lcdInit 05E2  
        __end_of_lcddata 061D                    pclath 000A                    status 0003  
                  wtemp0 007E          __initialization 07EA             __end_of_main 07EA  
                 ??_main 0077             ?_select_Item 0074                   _ADCON0 001F  
                 _ADCON1 009F                   _ANSELH 0189                   _OSCCON 008F  
                 _lcdcmd 05F5                ??_lcdInit 0077                ??_lcddata 0074  
__end_of__initialization 07FC           __pcstackCOMMON 0074             __pidataBANK0 064A  
             __pmaintext 068E                  ?_lcdcmd 0074     __size_of_select_Item 002D  
        __size_of_lcdcmd 0014                  _lcdInit 05D5                  __ptext1 061D  
                __ptext2 0609                  __ptext3 05D5                  __ptext4 05F5  
                _lcddata 0609     end_of_initialization 07FC                _PORTAbits 0005  
              _PORTBbits 0006                _PORTCbits 0007                _PORTEbits 0009  
         __end_of_lcdcmd 0609      start_initialization 07EA               init_fetch0 05E2  
               ??_lcdcmd 0074              __pdataBANK0 0020              __pbssCOMMON 0070  
              ___latbits 0002                 ?_lcdInit 0074                 ?_lcddata 0074  
          ??_select_Item 0077                lcddata@d2 0076      __end_of_select_Item 064A  
       __size_of_lcdInit 000D         __size_of_lcddata 0014            __size_of_main 015C  
               lcdcmd@d1 0076                 init_ram0 05E6              _select_Item 061D  
